#
# There is insufficient memory for the Java Runtime Environment to continue.
# Native memory allocation (malloc) failed to allocate 754560 bytes for Chunk::new
# Possible reasons:
#   The system is out of physical RAM or swap space
#   In 32 bit mode, the process size limit was hit
# Possible solutions:
#   Reduce memory load on the system
#   Increase physical memory or swap space
#   Check if swap backing store is full
#   Use 64 bit Java on a 64 bit OS
#   Decrease Java heap size (-Xmx/-Xms)
#   Decrease number of Java threads
#   Decrease Java thread stack sizes (-Xss)
#   Set larger code cache with -XX:ReservedCodeCacheSize=
# This output file may be truncated or incomplete.
#
#  Out of Memory Error (allocation.cpp:390), pid=13068, tid=0x00000000000015f8
#
# JRE version: Java(TM) SE Runtime Environment (8.0_92-b14) (build 1.8.0_92-b14)
# Java VM: Java HotSpot(TM) 64-Bit Server VM (25.92-b14 mixed mode windows-amd64 compressed oops)
# Failed to write core dump. Minidumps are not enabled by default on client versions of Windows
#

---------------  T H R E A D  ---------------

Current thread (0x00000000159fa800):  JavaThread "C2 CompilerThread0" daemon [_thread_in_native, id=5624, stack(0x0000000017370000,0x0000000017470000)]

Stack: [0x0000000017370000,0x0000000017470000]
[error occurred during error reporting (printing stack bounds), id 0xc0000005]

Native frames: (J=compiled Java code, j=interpreted, Vv=VM code, C=native code)


Current CompileTask:
C2:   7839 2230       4       com.android.dx.dex.code.OutputFinisher::getAllConstants (47 bytes)


---------------  P R O C E S S  ---------------

Java Threads: ( => current thread )
  0x0000000016de9800 JavaThread "Service Thread" daemon [_thread_blocked, id=6372, stack(0x0000000017670000,0x0000000017770000)]
  0x0000000016d7f000 JavaThread "C1 CompilerThread2" daemon [_thread_blocked, id=6704, stack(0x0000000017570000,0x0000000017670000)]
  0x00000000159fe000 JavaThread "C2 CompilerThread1" daemon [_thread_in_native, id=6344, stack(0x0000000017470000,0x0000000017570000)]
=>0x00000000159fa800 JavaThread "C2 CompilerThread0" daemon [_thread_in_native, id=5624, stack(0x0000000017370000,0x0000000017470000)]
  0x00000000159f9800 JavaThread "Attach Listener" daemon [_thread_blocked, id=14188, stack(0x0000000017270000,0x0000000017370000)]
  0x0000000016d78800 JavaThread "Signal Dispatcher" daemon [_thread_blocked, id=9604, stack(0x0000000017170000,0x0000000017270000)]
  0x000000001598a800 JavaThread "Finalizer" daemon [_thread_blocked, id=9836, stack(0x0000000016c00000,0x0000000016d00000)]
  0x0000000015969000 JavaThread "Reference Handler" daemon [_thread_blocked, id=1472, stack(0x0000000016b00000,0x0000000016c00000)]
  0x000000000308d800 JavaThread "main" [_thread_in_Java, id=8564, stack(0x0000000003090000,0x0000000003190000)]

Other Threads:
  0x0000000015966800 VMThread [stack: 0x0000000016a00000,0x0000000016b00000] [id=5728]
  0x0000000016e30000 WatcherThread [stack: 0x0000000017770000,0x0000000017870000] [id=1292]

VM state:not at safepoint (normal execution)

VM Mutex/Monitor currently owned by a thread: None

Heap:
 PSYoungGen      total 138240K, used 63121K [0x00000000eab00000, 0x00000000fe300000, 0x0000000100000000)
  eden space 133120K, 43% used [0x00000000eab00000,0x00000000ee3aa1b8,0x00000000f2d00000)
  from space 5120K, 99% used [0x00000000f2d00000,0x00000000f31fa358,0x00000000f3200000)
  to   space 26624K, 0% used [0x00000000fc900000,0x00000000fc900000,0x00000000fe300000)
 ParOldGen       total 87552K, used 43236K [0x00000000c0000000, 0x00000000c5580000, 0x00000000eab00000)
  object space 87552K, 49% used [0x00000000c0000000,0x00000000c2a39230,0x00000000c5580000)
 Metaspace       used 6612K, capacity 7320K, committed 7680K, reserved 1056768K
  class space    used 617K, capacity 656K, committed 768K, reserved 1048576K

Card table byte_map: [0x0000000012670000,0x0000000012880000] byte_map_base: 0x0000000012070000

Marking Bits: (ParMarkBitMap*) 0x0000000061e264f0
 Begin Bits: [0x0000000012de0000, 0x0000000013de0000)
 End Bits:   [0x0000000013de0000, 0x0000000014de0000)

Polling page: 0x00000000014e0000

CodeCache: size=245760Kb used=9640Kb max_used=9651Kb free=236120Kb
 bounds [0x00000000032b0000, 0x0000000003c30000, 0x00000000122b0000]
 total_blobs=2549 nmethods=2277 adapters=184
 compilation: enabled

Compilation events (10 events):
Event: 7.822 Thread 0x00000000159fe000 nmethod 2338 0x000000000395db90 code [0x000000000395dcc0, 0x000000000395dd58]
Event: 7.822 Thread 0x00000000159fe000 2295       4       com.android.dx.dex.file.IndexedItem::setIndex (24 bytes)
Event: 7.822 Thread 0x00000000159fe000 nmethod 2295 0x0000000003b2abd0 code [0x0000000003b2ad00, 0x0000000003b2ad78]
Event: 7.822 Thread 0x00000000159fe000 2293  s    4       com.android.dx.dex.file.StringIdsSection::intern (53 bytes)
Event: 7.833 Thread 0x00000000159fe000 nmethod 2293 0x0000000003c25190 code [0x0000000003c25340, 0x0000000003c25d48]
Event: 7.834 Thread 0x00000000159fe000 2302       4       com.android.dx.dex.file.StringIdsSection::intern (13 bytes)
Event: 7.835 Thread 0x00000000159fe000 nmethod 2302 0x0000000003c1eb10 code [0x0000000003c1ec60, 0x0000000003c1ed88]
Event: 7.835 Thread 0x00000000159fe000 2335       4       com.android.dx.rop.code.InsnList::getLast (11 bytes)
Event: 7.836 Thread 0x00000000159fe000 nmethod 2335 0x0000000003c1d250 code [0x0000000003c1d3a0, 0x0000000003c1d498]
Event: 7.836 Thread 0x00000000159fe000 2345       4       java.util.ArrayList::<init> (61 bytes)

GC Heap History (10 events):
Event: 0.929 GC heap before
{Heap before GC invocations=1 (full 0):
 PSYoungGen      total 38400K, used 33280K [0x00000000eab00000, 0x00000000ed580000, 0x0000000100000000)
  eden space 33280K, 100% used [0x00000000eab00000,0x00000000ecb80000,0x00000000ecb80000)
  from space 5120K, 0% used [0x00000000ed080000,0x00000000ed080000,0x00000000ed580000)
  to   space 5120K, 0% used [0x00000000ecb80000,0x00000000ecb80000,0x00000000ed080000)
 ParOldGen       total 87552K, used 0K [0x00000000c0000000, 0x00000000c5580000, 0x00000000eab00000)
  object space 87552K, 0% used [0x00000000c0000000,0x00000000c0000000,0x00000000c5580000)
 Metaspace       used 5913K, capacity 6772K, committed 7040K, reserved 1056768K
  class space    used 598K, capacity 620K, committed 640K, reserved 1048576K
Event: 0.939 GC heap after
Heap after GC invocations=1 (full 0):
 PSYoungGen      total 38400K, used 5116K [0x00000000eab00000, 0x00000000ef600000, 0x0000000100000000)
  eden space 33280K, 0% used [0x00000000eab00000,0x00000000eab00000,0x00000000ecb80000)
  from space 5120K, 99% used [0x00000000ecb80000,0x00000000ed07f188,0x00000000ed080000)
  to   space 5120K, 0% used [0x00000000ef100000,0x00000000ef100000,0x00000000ef600000)
 ParOldGen       total 87552K, used 565K [0x00000000c0000000, 0x00000000c5580000, 0x00000000eab00000)
  object space 87552K, 0% used [0x00000000c0000000,0x00000000c008d650,0x00000000c5580000)
 Metaspace       used 5913K, capacity 6772K, committed 7040K, reserved 1056768K
  class space    used 598K, capacity 620K, committed 640K, reserved 1048576K
}
Event: 1.460 GC heap before
{Heap before GC invocations=2 (full 0):
 PSYoungGen      total 38400K, used 38396K [0x00000000eab00000, 0x00000000ef600000, 0x0000000100000000)
  eden space 33280K, 100% used [0x00000000eab00000,0x00000000ecb80000,0x00000000ecb80000)
  from space 5120K, 99% used [0x00000000ecb80000,0x00000000ed07f188,0x00000000ed080000)
  to   space 5120K, 0% used [0x00000000ef100000,0x00000000ef100000,0x00000000ef600000)
 ParOldGen       total 87552K, used 565K [0x00000000c0000000, 0x00000000c5580000, 0x00000000eab00000)
  object space 87552K, 0% used [0x00000000c0000000,0x00000000c008d650,0x00000000c5580000)
 Metaspace       used 6213K, capacity 7028K, committed 7296K, reserved 1056768K
  class space    used 598K, capacity 620K, committed 640K, reserved 1048576K
Event: 1.486 GC heap after
Heap after GC invocations=2 (full 0):
 PSYoungGen      total 71680K, used 5104K [0x00000000eab00000, 0x00000000ef600000, 0x0000000100000000)
  eden space 66560K, 0% used [0x00000000eab00000,0x00000000eab00000,0x00000000eec00000)
  from space 5120K, 99% used [0x00000000ef100000,0x00000000ef5fc360,0x00000000ef600000)
  to   space 5120K, 0% used [0x00000000eec00000,0x00000000eec00000,0x00000000ef100000)
 ParOldGen       total 87552K, used 4349K [0x00000000c0000000, 0x00000000c5580000, 0x00000000eab00000)
  object space 87552K, 4% used [0x00000000c0000000,0x00000000c043f620,0x00000000c5580000)
 Metaspace       used 6213K, capacity 7028K, committed 7296K, reserved 1056768K
  class space    used 598K, capacity 620K, committed 640K, reserved 1048576K
}
Event: 2.458 GC heap before
{Heap before GC invocations=3 (full 0):
 PSYoungGen      total 71680K, used 71664K [0x00000000eab00000, 0x00000000ef600000, 0x0000000100000000)
  eden space 66560K, 100% used [0x00000000eab00000,0x00000000eec00000,0x00000000eec00000)
  from space 5120K, 99% used [0x00000000ef100000,0x00000000ef5fc360,0x00000000ef600000)
  to   space 5120K, 0% used [0x00000000eec00000,0x00000000eec00000,0x00000000ef100000)
 ParOldGen       total 87552K, used 4349K [0x00000000c0000000, 0x00000000c5580000, 0x00000000eab00000)
  object space 87552K, 4% used [0x00000000c0000000,0x00000000c043f620,0x00000000c5580000)
 Metaspace       used 6303K, capacity 7092K, committed 7296K, reserved 1056768K
  class space    used 599K, capacity 620K, committed 640K, reserved 1048576K
Event: 2.508 GC heap after
Heap after GC invocations=3 (full 0):
 PSYoungGen      total 71680K, used 5110K [0x00000000eab00000, 0x00000000f3700000, 0x0000000100000000)
  eden space 66560K, 0% used [0x00000000eab00000,0x00000000eab00000,0x00000000eec00000)
  from space 5120K, 99% used [0x00000000eec00000,0x00000000ef0fd8c8,0x00000000ef100000)
  to   space 5120K, 0% used [0x00000000f3200000,0x00000000f3200000,0x00000000f3700000)
 ParOldGen       total 87552K, used 13965K [0x00000000c0000000, 0x00000000c5580000, 0x00000000eab00000)
  object space 87552K, 15% used [0x00000000c0000000,0x00000000c0da36f0,0x00000000c5580000)
 Metaspace       used 6303K, capacity 7092K, committed 7296K, reserved 1056768K
  class space    used 599K, capacity 620K, committed 640K, reserved 1048576K
}
Event: 3.728 GC heap before
{Heap before GC invocations=4 (full 0):
 PSYoungGen      total 71680K, used 71670K [0x00000000eab00000, 0x00000000f3700000, 0x0000000100000000)
  eden space 66560K, 100% used [0x00000000eab00000,0x00000000eec00000,0x00000000eec00000)
  from space 5120K, 99% used [0x00000000eec00000,0x00000000ef0fd8c8,0x00000000ef100000)
  to   space 5120K, 0% used [0x00000000f3200000,0x00000000f3200000,0x00000000f3700000)
 ParOldGen       total 87552K, used 13965K [0x00000000c0000000, 0x00000000c5580000, 0x00000000eab00000)
  object space 87552K, 15% used [0x00000000c0000000,0x00000000c0da36f0,0x00000000c5580000)
 Metaspace       used 6350K, capacity 7092K, committed 7296K, reserved 1056768K
  class space    used 600K, capacity 620K, committed 640K, reserved 1048576K
Event: 3.911 GC heap after
Heap after GC invocations=4 (full 0):
 PSYoungGen      total 138240K, used 5095K [0x00000000eab00000, 0x00000000f3700000, 0x0000000100000000)
  eden space 133120K, 0% used [0x00000000eab00000,0x00000000eab00000,0x00000000f2d00000)
  from space 5120K, 99% used [0x00000000f3200000,0x00000000f36f9f80,0x00000000f3700000)
  to   space 5120K, 0% used [0x00000000f2d00000,0x00000000f2d00000,0x00000000f3200000)
 ParOldGen       total 87552K, used 24083K [0x00000000c0000000, 0x00000000c5580000, 0x00000000eab00000)
  object space 87552K, 27% used [0x00000000c0000000,0x00000000c1784ec8,0x00000000c5580000)
 Metaspace       used 6350K, capacity 7092K, committed 7296K, reserved 1056768K
  class space    used 600K, capacity 620K, committed 640K, reserved 1048576K
}
Event: 6.867 GC heap before
{Heap before GC invocations=5 (full 0):
 PSYoungGen      total 138240K, used 138215K [0x00000000eab00000, 0x00000000f3700000, 0x0000000100000000)
  eden space 133120K, 100% used [0x00000000eab00000,0x00000000f2d00000,0x00000000f2d00000)
  from space 5120K, 99% used [0x00000000f3200000,0x00000000f36f9f80,0x00000000f3700000)
  to   space 5120K, 0% used [0x00000000f2d00000,0x00000000f2d00000,0x00000000f3200000)
 ParOldGen       total 87552K, used 24083K [0x00000000c0000000, 0x00000000c5580000, 0x00000000eab00000)
  object space 87552K, 27% used [0x00000000c0000000,0x00000000c1784ec8,0x00000000c5580000)
 Metaspace       used 6388K, capacity 7156K, committed 7296K, reserved 1056768K
  class space    used 600K, capacity 620K, committed 640K, reserved 1048576K
Event: 6.940 GC heap after
Heap after GC invocations=5 (full 0):
 PSYoungGen      total 138240K, used 5096K [0x00000000eab00000, 0x00000000fe300000, 0x0000000100000000)
  eden space 133120K, 0% used [0x00000000eab00000,0x00000000eab00000,0x00000000f2d00000)
  from space 5120K, 99% used [0x00000000f2d00000,0x00000000f31fa358,0x00000000f3200000)
  to   space 26624K, 0% used [0x00000000fc900000,0x00000000fc900000,0x00000000fe300000)
 ParOldGen       total 87552K, used 43236K [0x00000000c0000000, 0x00000000c5580000, 0x00000000eab00000)
  object space 87552K, 49% used [0x00000000c0000000,0x00000000c2a39230,0x00000000c5580000)
 Metaspace       used 6388K, capacity 7156K, committed 7296K, reserved 1056768K
  class space    used 600K, capacity 620K, committed 640K, reserved 1048576K
}

Deoptimization events (10 events):
Event: 6.969 Thread 0x000000000308d800 Uncommon trap: reason=bimorphic action=maybe_recompile pc=0x0000000003913a84 method=com.android.dx.ssa.LiteralOpUpgrader.tryReplacingWithConstant(Lcom/android/dx/ssa/NormalSsaInsn;)Z @ 62
Event: 6.980 Thread 0x0000000016fce000 Uncommon trap: reason=bimorphic action=maybe_recompile pc=0x000000000396b11c method=com.android.dx.cf.code.RopperMachine.run(Lcom/android/dx/cf/code/Frame;II)V @ 988
Event: 6.980 Thread 0x0000000016fce000 Uncommon trap: reason=class_check action=maybe_recompile pc=0x00000000036d7290 method=java.util.HashMap.putVal(ILjava/lang/Object;Ljava/lang/Object;ZZ)Ljava/lang/Object; @ 203
Event: 6.980 Thread 0x0000000016fce000 Uncommon trap: reason=unstable_if action=reinterpret pc=0x00000000039a68c4 method=com.android.dx.ssa.PhiTypeResolver.equalsHandlesNulls(Lcom/android/dx/rop/code/LocalItem;Lcom/android/dx/rop/code/LocalItem;)Z @ 2
Event: 7.217 Thread 0x000000000308d800 Uncommon trap: reason=class_check action=maybe_recompile pc=0x00000000036f7e08 method=java.util.Arrays.hashCode([Ljava/lang/Object;)I @ 43
Event: 7.217 Thread 0x000000000308d800 Uncommon trap: reason=class_check action=maybe_recompile pc=0x00000000036f7e08 method=java.util.Arrays.hashCode([Ljava/lang/Object;)I @ 43
Event: 7.217 Thread 0x000000000308d800 Uncommon trap: reason=class_check action=maybe_recompile pc=0x00000000036f7e08 method=java.util.Arrays.hashCode([Ljava/lang/Object;)I @ 43
Event: 7.217 Thread 0x000000000308d800 Uncommon trap: reason=class_check action=maybe_recompile pc=0x00000000036f7e08 method=java.util.Arrays.hashCode([Ljava/lang/Object;)I @ 43
Event: 7.217 Thread 0x000000000308d800 Uncommon trap: reason=class_check action=maybe_recompile pc=0x00000000036f7334 method=java.util.Arrays.hashCode([Ljava/lang/Object;)I @ 43
Event: 7.293 Thread 0x000000000308d800 Uncommon trap: reason=class_check action=maybe_recompile pc=0x00000000036cfbe8 method=java.util.HashMap.putVal(ILjava/lang/Object;Ljava/lang/Object;ZZ)Ljava/lang/Object; @ 203

Internal exceptions (5 events):
Event: 0.052 Thread 0x000000000308d800 Exception <a 'java/lang/NoSuchMethodError': Method sun.misc.Unsafe.defineClass(Ljava/lang/String;[BII)Ljava/lang/Class; name or signature does not match> (0x00000000eab07cc0) thrown at [D:\re\workspace\8-2-build-windows-amd64-cygwin\jdk8u92\6642\hotspot\sr8)¶î„ª?
Event: 0.052 Thread 0x000000000308d800 Exception <a 'java/lang/NoSuchMethodError': Method sun.misc.Unsafe.prefetchRead(Ljava/lang/Object;J)V name or signature does not match> (0x00000000eab07fa8) thrown at [D:\re\workspace\8-2-build-windows-amd64-cygwin\jdk8u92\6642\hotspot\src\share\vm\prims\jÅ<ÜÝžê?
Event: 0.832 Thread 0x0000000016fce000 Implicit null exception at 0x00000000035dcb37 to 0x00000000035de291
Event: 1.519 Thread 0x0000000016fcb000 Implicit null exception at 0x00000000035c3f62 to 0x00000000035c405a
Event: 6.779 Thread 0x000000001706c800 Implicit null exception at 0x000000000358d188 to 0x000000000358eefd

Events (10 events):
Event: 7.790 loading class com/android/dx/dex/code/LocalList$MakeState
Event: 7.790 loading class com/android/dx/dex/code/LocalList$MakeState done
Event: 7.791 loading class com/android/dx/dex/code/LocalList$Disposition
Event: 7.791 loading class com/android/dx/dex/code/LocalList$Disposition done
Event: 7.791 loading class com/android/dx/dex/code/LocalList$Entry
Event: 7.791 loading class com/android/dx/dex/code/LocalList$Entry done
Event: 7.792 loading class com/android/dx/dex/code/CatchHandlerList
Event: 7.792 loading class com/android/dx/dex/code/CatchHandlerList done
Event: 7.793 loading class com/android/dx/dex/code/CatchTable
Event: 7.793 loading class com/android/dx/dex/code/CatchTable done


Dynamic libraries:
0x00007ff6b9410000 - 0x00007ff6b9447000 	D:\Java1.8\jdk1.8.0_92\bin\java.exe
0x00007ffdd83a0000 - 0x00007ffdd8561000 	C:\WINDOWS\SYSTEM32\ntdll.dll
0x00007ffdd8240000 - 0x00007ffdd82ed000 	C:\WINDOWS\system32\KERNEL32.DLL
0x00007ffdd4800000 - 0x00007ffdd49e8000 	C:\WINDOWS\system32\KERNELBASE.dll
0x00007ffdd82f0000 - 0x00007ffdd8397000 	C:\WINDOWS\system32\ADVAPI32.dll
0x00007ffdd7f90000 - 0x00007ffdd802d000 	C:\WINDOWS\system32\msvcrt.dll
0x00007ffdd8030000 - 0x00007ffdd808b000 	C:\WINDOWS\system32\sechost.dll
0x00007ffdd7950000 - 0x00007ffdd7a6c000 	C:\WINDOWS\system32\RPCRT4.dll
0x00007ffdd74c0000 - 0x00007ffdd7616000 	C:\WINDOWS\system32\USER32.dll
0x00007ffdd7330000 - 0x00007ffdd74b6000 	C:\WINDOWS\system32\GDI32.dll
0x00007ffdc41d0000 - 0x00007ffdc4444000 	C:\WINDOWS\WinSxS\amd64_microsoft.windows.common-controls_6595b64144ccf1df_6.0.10586.0_none_8c15ae12515e1c22\COMCTL32.dll
0x00007ffdd7d10000 - 0x00007ffdd7f8d000 	C:\WINDOWS\system32\combase.dll
0x00007ffdd4bc0000 - 0x00007ffdd4c2a000 	C:\WINDOWS\system32\bcryptPrimitives.dll
0x00007ffdd7860000 - 0x00007ffdd789b000 	C:\WINDOWS\system32\IMM32.DLL
0x00000000614a0000 - 0x0000000061572000 	D:\Java1.8\jdk1.8.0_92\jre\bin\msvcr100.dll
0x0000000061610000 - 0x0000000061ea6000 	D:\Java1.8\jdk1.8.0_92\jre\bin\server\jvm.dll
0x00007ffdd55b0000 - 0x00007ffdd55d3000 	C:\WINDOWS\system32\WINMM.dll
0x00007ffdd47a0000 - 0x00007ffdd47cc000 	C:\WINDOWS\system32\WINMMBASE.dll
0x00007ffdd4cd0000 - 0x00007ffdd4d13000 	C:\WINDOWS\system32\cfgmgr32.dll
0x00007ffdd76a0000 - 0x00007ffdd76a8000 	C:\WINDOWS\system32\PSAPI.DLL
0x00007ffdc3bb0000 - 0x00007ffdc3bb9000 	C:\WINDOWS\SYSTEM32\WSOCK32.dll
0x00007ffdd5c40000 - 0x00007ffdd5cab000 	C:\WINDOWS\system32\WS2_32.dll
0x00007ffdc6760000 - 0x00007ffdc676a000 	C:\WINDOWS\SYSTEM32\VERSION.dll
0x0000000062260000 - 0x000000006226f000 	D:\Java1.8\jdk1.8.0_92\jre\bin\verify.dll
0x0000000062230000 - 0x0000000062259000 	D:\Java1.8\jdk1.8.0_92\jre\bin\java.dll
0x0000000062210000 - 0x0000000062226000 	D:\Java1.8\jdk1.8.0_92\jre\bin\zip.dll
0x00007ffdd5cb0000 - 0x00007ffdd720c000 	C:\WINDOWS\system32\SHELL32.dll
0x00007ffdd4d20000 - 0x00007ffdd5364000 	C:\WINDOWS\system32\windows.storage.dll
0x00007ffdd7800000 - 0x00007ffdd7852000 	C:\WINDOWS\system32\shlwapi.dll
0x00007ffdd47f0000 - 0x00007ffdd47ff000 	C:\WINDOWS\system32\kernel.appcore.dll
0x00007ffdd4aa0000 - 0x00007ffdd4b55000 	C:\WINDOWS\system32\shcore.dll
0x00007ffdd5390000 - 0x00007ffdd53db000 	C:\WINDOWS\system32\powrprof.dll
0x00007ffdd47d0000 - 0x00007ffdd47e4000 	C:\WINDOWS\system32\profapi.dll

VM Arguments:
jvm_args: -Djava.awt.headless=true -Xmx1024M -Dfile.encoding=GBK -Duser.country=CN -Duser.language=zh -Duser.variant 
java_command: com.android.dx.command.Main --dex --num-threads=4 --output D:\ProgramFiles\sdk\easemob-sdk-3.1.3_R2\examples\ConnnectionApp\app\build\intermediates\pre-dexed\debug\google-play-services_32d0118cde8b66f7168e1d86f5180a6d39588a38.jar D:\ProgramFiles\sdk\easemob-sdk-3.1.3_R2\examples\ConnnectionApp\app\build\intermediates\exploded-aar\ConnnectionApp\easeui\unspecified\jars\libs\google-play-services.jar
java_class_path (initial): D:\ProgramFiles\android\android-sdk-windows\build-tools\23.0.3\lib\dx.jar
Launcher Type: SUN_STANDARD

Environment Variables:
JAVA_HOME=D:\Java1.8\jdk1.8.0_92
PATH=D:\Java\jdk1.7.0_07\bin;D:\ProgramFiles\android-ndk-r10;C:\ProgramData\Oracle\Java\javapath;C:\Program Files (x86)\Intel\iCLS Client\;C:\Program Files\Intel\iCLS Client\;C:\WINDOWS\system32;C:\WINDOWS;C:\WINDOWS\System32\Wbem;C:\WINDOWS\System32\WindowsPowerShell\v1.0\;C:\Program Files\Intel\Intel(R) Management Engine Components\DAL;C:\Program Files (x86)\Intel\Intel(R) Management Engine Components\DAL;C:\Program Files\Intel\Intel(R) Management Engine Components\IPT;C:\Program Files (x86)\Intel\Intel(R) Management Engine Components\IPT;C:\Program Files (x86)\ATI Technologies\ATI.ACE\Core-Static;C:\Program Files (x86)\Common Files\lenovo\easyplussdk\bin;C:\ProgramData\Lenovo\ReadyApps;D:\DevInstall\MySQL\MySQL Server 5.5\bin;D:\Java1.8\jdk1.8.0_92\bin;D:\ProgramFiles (x86)\adt-bundle-windows-x86_64_20140101\sdk\platform-tools;D:\ProgramFiles (x86)\adt-bundle-windows-x86_64_20140101\sdk\tools;D:\ProgramFiles\TortoiseSVN\bin;D:\ProgramFiles\TortoiseGit\bin;C:\Program Files (x86)\Common Files\Autodesk Shared\;D:\Java1.8\jdk1.8.0_92\bin;D:\Java\jdk1.7.0_07\bin;D:\Java1.8\jdk1.8.0_92\bin;D:\ProgramFiles (x86)\tomcat\apache-tomcat-6.0.39\bin;D:\ProgramFiles\android\android-sdk-windows\platform-tools;D:\ProgramFiles\android\android-sdk-windows\tools
USERNAME=shuwei
OS=Windows_NT
PROCESSOR_IDENTIFIER=Intel64 Family 6 Model 69 Stepping 1, GenuineIntel



---------------  S Y S T E M  ---------------

OS: Windows 10.0 , 64 bit Build 10586 (10.0.10586.0)

CPU:total 4 (2 cores per cpu, 2 threads per core) family 6 model 69 stepping 1, cmov, cx8, fxsr, mmx, sse, sse2, sse3, ssse3, sse4.1, sse4.2, popcnt, avx, avx2, aes, clmul, erms, lzcnt, ht, tsc, tscinvbit, bmi1, bmi2

Memory: 4k page, physical 8310040k(1405392k free), swap 8310040k(5196k free)

vm_info: Java HotSpot(TM) 64-Bit Server VM (25.92-b14) for windows-amd64 JRE (1.8.0_92-b14), built on Mar 31 2016 21:03:04 by "java_re" with MS VC++ 10.0 (VS2010)

time: Thu Jul 07 22:15:10 2016
elapsed time: 7 seconds (0d 0h 0m 7s)

