#
# There is insufficient memory for the Java Runtime Environment to continue.
# Native memory allocation (malloc) failed to allocate 205856 bytes for Chunk::new
# Possible reasons:
#   The system is out of physical RAM or swap space
#   In 32 bit mode, the process size limit was hit
# Possible solutions:
#   Reduce memory load on the system
#   Increase physical memory or swap space
#   Check if swap backing store is full
#   Use 64 bit Java on a 64 bit OS
#   Decrease Java heap size (-Xmx/-Xms)
#   Decrease number of Java threads
#   Decrease Java thread stack sizes (-Xss)
#   Set larger code cache with -XX:ReservedCodeCacheSize=
# This output file may be truncated or incomplete.
#
#  Out of Memory Error (allocation.cpp:390), pid=2196, tid=0x000000000000310c
#
# JRE version: Java(TM) SE Runtime Environment (8.0_92-b14) (build 1.8.0_92-b14)
# Java VM: Java HotSpot(TM) 64-Bit Server VM (25.92-b14 mixed mode windows-amd64 compressed oops)
# Failed to write core dump. Minidumps are not enabled by default on client versions of Windows
#

---------------  T H R E A D  ---------------

Current thread (0x000000000347d000):  JavaThread "C2 CompilerThread1" daemon [_thread_in_native, id=12556, stack(0x00000000175d0000,0x00000000176d0000)]

Stack: [0x00000000175d0000,0x00000000176d0000]
[error occurred during error reporting (printing stack bounds), id 0xc0000005]

Native frames: (J=compiled Java code, j=interpreted, Vv=VM code, C=native code)


Current CompileTask:
C2:   5798  143       4       java.util.regex.Pattern::compile (406 bytes)


---------------  P R O C E S S  ---------------

Java Threads: ( => current thread )
  0x0000000016f32000 JavaThread "Service Thread" daemon [_thread_blocked, id=3844, stack(0x00000000177d0000,0x00000000178d0000)]
  0x0000000016f2d000 JavaThread "C1 CompilerThread2" daemon [_thread_in_native, id=9056, stack(0x00000000176d0000,0x00000000177d0000)]
=>0x000000000347d000 JavaThread "C2 CompilerThread1" daemon [_thread_in_native, id=12556, stack(0x00000000175d0000,0x00000000176d0000)]
  0x000000000347a000 JavaThread "C2 CompilerThread0" daemon [_thread_blocked, id=7628, stack(0x00000000174d0000,0x00000000175d0000)]
  0x0000000015b63000 JavaThread "Attach Listener" daemon [_thread_blocked, id=13752, stack(0x00000000173d0000,0x00000000174d0000)]
  0x0000000016f13800 JavaThread "Signal Dispatcher" daemon [_thread_blocked, id=11160, stack(0x00000000172d0000,0x00000000173d0000)]
  0x0000000015b3a000 JavaThread "Finalizer" daemon [_thread_blocked, id=6160, stack(0x0000000016dd0000,0x0000000016ed0000)]
  0x0000000015b19000 JavaThread "Reference Handler" daemon [_thread_blocked, id=10092, stack(0x0000000016cd0000,0x0000000016dd0000)]
  0x000000000317d800 JavaThread "main" [_thread_in_vm, id=4812, stack(0x0000000003180000,0x0000000003280000)]

Other Threads:
  0x0000000015b16800 VMThread [stack: 0x0000000016bd0000,0x0000000016cd0000] [id=6436]
  0x0000000016f87000 WatcherThread [stack: 0x00000000178d0000,0x00000000179d0000] [id=13832]

VM state:not at safepoint (normal execution)

VM Mutex/Monitor currently owned by a thread: None

Heap:
 PSYoungGen      total 38400K, used 5991K [0x00000000eab00000, 0x00000000ed580000, 0x0000000100000000)
  eden space 33280K, 18% used [0x00000000eab00000,0x00000000eb0d9f20,0x00000000ecb80000)
  from space 5120K, 0% used [0x00000000ed080000,0x00000000ed080000,0x00000000ed580000)
  to   space 5120K, 0% used [0x00000000ecb80000,0x00000000ecb80000,0x00000000ed080000)
 ParOldGen       total 87552K, used 0K [0x00000000c0000000, 0x00000000c5580000, 0x00000000eab00000)
  object space 87552K, 0% used [0x00000000c0000000,0x00000000c0000000,0x00000000c5580000)
 Metaspace       used 3565K, capacity 4720K, committed 4864K, reserved 1056768K
  class space    used 385K, capacity 424K, committed 512K, reserved 1048576K

Card table byte_map: [0x0000000012840000,0x0000000012a50000] byte_map_base: 0x0000000012240000

Marking Bits: (ParMarkBitMap*) 0x0000000061e264f0
 Begin Bits: [0x0000000012fb0000, 0x0000000013fb0000)
 End Bits:   [0x0000000013fb0000, 0x0000000014fb0000)

Polling page: 0x0000000002d00000

CodeCache: size=245760Kb used=1384Kb max_used=1384Kb free=244375Kb
 bounds [0x0000000003480000, 0x00000000036f0000, 0x0000000012480000]
 total_blobs=399 nmethods=148 adapters=164
 compilation: enabled

Compilation events (10 events):
Event: 5.787 Thread 0x000000000347a000  142       4       java.util.regex.Pattern::newSlice (181 bytes)
Event: 5.788 Thread 0x000000000347d000 nmethod 141 0x00000000035d6990 code [0x00000000035d6ae0, 0x00000000035d6f58]
Event: 5.788 Thread 0x000000000347d000  143       4       java.util.regex.Pattern::compile (406 bytes)
Event: 5.793 Thread 0x000000000347a000 nmethod 142 0x00000000035d4ed0 code [0x00000000035d5020, 0x00000000035d5318]
Event: 5.793 Thread 0x000000000347a000  144       4       java.lang.String::compareTo (78 bytes)
Event: 5.794 Thread 0x0000000016f2d000  145       3       java.io.BufferedInputStream::getBufIfOpen (21 bytes)
Event: 5.794 Thread 0x0000000016f2d000 nmethod 145 0x00000000035d3b10 code [0x00000000035d3c80, 0x00000000035d3ee8]
Event: 5.794 Thread 0x0000000016f2d000  146  s    3       java.io.BufferedInputStream::read (49 bytes)
Event: 5.795 Thread 0x0000000016f2d000 nmethod 146 0x00000000035d31d0 code [0x00000000035d3360, 0x00000000035d38d8]
Event: 5.795 Thread 0x0000000016f2d000  147       3       java.io.DataInputStream::readUTF (501 bytes)

GC Heap History (0 events):
No events

Deoptimization events (0 events):
No events

Internal exceptions (2 events):
Event: 4.808 Thread 0x000000000317d800 Exception <a 'java/lang/NoSuchMethodError': Method sun.misc.Unsafe.defineClass(Ljava/lang/String;[BII)Ljava/lang/Class; name or signature does not match> (0x00000000eab07cc0) thrown at [D:\re\workspace\8-2-build-windows-amd64-cygwin\jdk8u92\6642\hotspot\srÌŠÊ>c;@
Event: 4.808 Thread 0x000000000317d800 Exception <a 'java/lang/NoSuchMethodError': Method sun.misc.Unsafe.prefetchRead(Ljava/lang/Object;J)V name or signature does not match> (0x00000000eab07fa8) thrown at [D:\re\workspace\8-2-build-windows-amd64-cygwin\jdk8u92\6642\hotspot\src\share\vm\prims\j

Events (10 events):
Event: 5.792 loading class sun/util/calendar/ZoneInfo
Event: 5.792 loading class sun/util/calendar/ZoneInfo done
Event: 5.792 loading class sun/util/calendar/ZoneInfoFile
Event: 5.792 loading class sun/util/calendar/ZoneInfoFile done
Event: 5.793 loading class sun/util/calendar/ZoneInfoFile$1
Event: 5.793 loading class sun/util/calendar/ZoneInfoFile$1 done
Event: 5.793 loading class java/io/DataInputStream
Event: 5.793 loading class java/io/DataInput
Event: 5.793 loading class java/io/DataInput done
Event: 5.793 loading class java/io/DataInputStream done


Dynamic libraries:
0x00007ff6b9410000 - 0x00007ff6b9447000 	D:\Java1.8\jdk1.8.0_92\bin\java.exe
0x00007ffdd83a0000 - 0x00007ffdd8561000 	C:\WINDOWS\SYSTEM32\ntdll.dll
0x00007ffdd8240000 - 0x00007ffdd82ed000 	C:\WINDOWS\system32\KERNEL32.DLL
0x00007ffdd4800000 - 0x00007ffdd49e8000 	C:\WINDOWS\system32\KERNELBASE.dll
0x00007ffdd82f0000 - 0x00007ffdd8397000 	C:\WINDOWS\system32\ADVAPI32.dll
0x00007ffdd7f90000 - 0x00007ffdd802d000 	C:\WINDOWS\system32\msvcrt.dll
0x00007ffdd8030000 - 0x00007ffdd808b000 	C:\WINDOWS\system32\sechost.dll
0x00007ffdd7950000 - 0x00007ffdd7a6c000 	C:\WINDOWS\system32\RPCRT4.dll
0x00007ffdd74c0000 - 0x00007ffdd7616000 	C:\WINDOWS\system32\USER32.dll
0x00007ffdd7330000 - 0x00007ffdd74b6000 	C:\WINDOWS\system32\GDI32.dll
0x00007ffdc41d0000 - 0x00007ffdc4444000 	C:\WINDOWS\WinSxS\amd64_microsoft.windows.common-controls_6595b64144ccf1df_6.0.10586.0_none_8c15ae12515e1c22\COMCTL32.dll
0x00007ffdd7d10000 - 0x00007ffdd7f8d000 	C:\WINDOWS\system32\combase.dll
0x00007ffdd4bc0000 - 0x00007ffdd4c2a000 	C:\WINDOWS\system32\bcryptPrimitives.dll
0x00007ffdd7860000 - 0x00007ffdd789b000 	C:\WINDOWS\system32\IMM32.DLL
0x00000000614a0000 - 0x0000000061572000 	D:\Java1.8\jdk1.8.0_92\jre\bin\msvcr100.dll
0x0000000061610000 - 0x0000000061ea6000 	D:\Java1.8\jdk1.8.0_92\jre\bin\server\jvm.dll
0x00007ffdd55b0000 - 0x00007ffdd55d3000 	C:\WINDOWS\system32\WINMM.dll
0x00007ffdd47a0000 - 0x00007ffdd47cc000 	C:\WINDOWS\system32\WINMMBASE.dll
0x00007ffdd4cd0000 - 0x00007ffdd4d13000 	C:\WINDOWS\system32\cfgmgr32.dll
0x00007ffdd76a0000 - 0x00007ffdd76a8000 	C:\WINDOWS\system32\PSAPI.DLL
0x00007ffdc3bb0000 - 0x00007ffdc3bb9000 	C:\WINDOWS\SYSTEM32\WSOCK32.dll
0x00007ffdd5c40000 - 0x00007ffdd5cab000 	C:\WINDOWS\system32\WS2_32.dll
0x00007ffdc6760000 - 0x00007ffdc676a000 	C:\WINDOWS\SYSTEM32\VERSION.dll
0x0000000062260000 - 0x000000006226f000 	D:\Java1.8\jdk1.8.0_92\jre\bin\verify.dll
0x0000000062230000 - 0x0000000062259000 	D:\Java1.8\jdk1.8.0_92\jre\bin\java.dll
0x0000000062210000 - 0x0000000062226000 	D:\Java1.8\jdk1.8.0_92\jre\bin\zip.dll
0x00007ffdd5cb0000 - 0x00007ffdd720c000 	C:\WINDOWS\system32\SHELL32.dll
0x00007ffdd4d20000 - 0x00007ffdd5364000 	C:\WINDOWS\system32\windows.storage.dll
0x00007ffdd7800000 - 0x00007ffdd7852000 	C:\WINDOWS\system32\shlwapi.dll
0x00007ffdd47f0000 - 0x00007ffdd47ff000 	C:\WINDOWS\system32\kernel.appcore.dll
0x00007ffdd4aa0000 - 0x00007ffdd4b55000 	C:\WINDOWS\system32\shcore.dll
0x00007ffdd5390000 - 0x00007ffdd53db000 	C:\WINDOWS\system32\powrprof.dll
0x00007ffdd47d0000 - 0x00007ffdd47e4000 	C:\WINDOWS\system32\profapi.dll

VM Arguments:
jvm_args: -Djava.awt.headless=true -Xmx1024M -Dfile.encoding=GBK -Duser.country=CN -Duser.language=zh -Duser.variant 
java_command: com.android.dx.command.Main --dex --num-threads=4 --output D:\ProgramFiles\sdk\easemob-sdk-3.1.3_R2\examples\ConnnectionApp\app\build\intermediates\pre-dexed\debug\hyphenatechat_3.1.3_29181be47e96d460bb56e7b8878ba377ae4c6328.jar D:\ProgramFiles\sdk\easemob-sdk-3.1.3_R2\examples\ConnnectionApp\app\build\intermediates\exploded-aar\ConnnectionApp\easeui\unspecified\jars\libs\hyphenatechat_3.1.3.jar
java_class_path (initial): D:\ProgramFiles\android\android-sdk-windows\build-tools\23.0.3\lib\dx.jar
Launcher Type: SUN_STANDARD

Environment Variables:
JAVA_HOME=D:\Java1.8\jdk1.8.0_92
PATH=D:\Java\jdk1.7.0_07\bin;D:\ProgramFiles\android-ndk-r10;C:\ProgramData\Oracle\Java\javapath;C:\Program Files (x86)\Intel\iCLS Client\;C:\Program Files\Intel\iCLS Client\;C:\WINDOWS\system32;C:\WINDOWS;C:\WINDOWS\System32\Wbem;C:\WINDOWS\System32\WindowsPowerShell\v1.0\;C:\Program Files\Intel\Intel(R) Management Engine Components\DAL;C:\Program Files (x86)\Intel\Intel(R) Management Engine Components\DAL;C:\Program Files\Intel\Intel(R) Management Engine Components\IPT;C:\Program Files (x86)\Intel\Intel(R) Management Engine Components\IPT;C:\Program Files (x86)\ATI Technologies\ATI.ACE\Core-Static;C:\Program Files (x86)\Common Files\lenovo\easyplussdk\bin;C:\ProgramData\Lenovo\ReadyApps;D:\DevInstall\MySQL\MySQL Server 5.5\bin;D:\Java1.8\jdk1.8.0_92\bin;D:\ProgramFiles (x86)\adt-bundle-windows-x86_64_20140101\sdk\platform-tools;D:\ProgramFiles (x86)\adt-bundle-windows-x86_64_20140101\sdk\tools;D:\ProgramFiles\TortoiseSVN\bin;D:\ProgramFiles\TortoiseGit\bin;C:\Program Files (x86)\Common Files\Autodesk Shared\;D:\Java1.8\jdk1.8.0_92\bin;D:\Java\jdk1.7.0_07\bin;D:\Java1.8\jdk1.8.0_92\bin;D:\ProgramFiles (x86)\tomcat\apache-tomcat-6.0.39\bin;D:\ProgramFiles\android\android-sdk-windows\platform-tools;D:\ProgramFiles\android\android-sdk-windows\tools
USERNAME=shuwei
OS=Windows_NT
PROCESSOR_IDENTIFIER=Intel64 Family 6 Model 69 Stepping 1, GenuineIntel



---------------  S Y S T E M  ---------------

OS: Windows 10.0 , 64 bit Build 10586 (10.0.10586.0)

CPU:total 4 (2 cores per cpu, 2 threads per core) family 6 model 69 stepping 1, cmov, cx8, fxsr, mmx, sse, sse2, sse3, ssse3, sse4.1, sse4.2, popcnt, avx, avx2, aes, clmul, erms, lzcnt, ht, tsc, tscinvbit, bmi1, bmi2

Memory: 4k page, physical 8310040k(1405420k free), swap 8310040k(5196k free)

vm_info: Java HotSpot(TM) 64-Bit Server VM (25.92-b14) for windows-amd64 JRE (1.8.0_92-b14), built on Mar 31 2016 21:03:04 by "java_re" with MS VC++ 10.0 (VS2010)

time: Thu Jul 07 22:15:10 2016
elapsed time: 5 seconds (0d 0h 0m 5s)

